<?xml version="1.0" encoding="UTF-8"?>
<!-- Generated by org.testng.reporters.JUnitXMLReporter -->
<testsuite ignored="2" hostname="Hp" failures="1" tests="1" name="Default test(failed)" time="3.139" errors="0" timestamp="2022-10-12T21:10:34 IST">
  <testcase classname="com.Testng.MouseOperation" name="VerifyDoubleClickOperation" time="3.092">
    <failure type="java.lang.NullPointerException" message="Cannot invoke &amp;quot;org.openqa.selenium.WebDriver.manage()&amp;quot; because &amp;quot;com.utility.Library.driver&amp;quot; is null">
      <![CDATA[java.lang.NullPointerException: Cannot invoke "org.openqa.selenium.WebDriver.manage()" because "com.utility.Library.driver" is null
at com.utility.Library.pageLoadTimeout(Library.java:12)
at com.Testng.MouseOperation.VerifyDoubleClickOperation(MouseOperation.java:62)
at java.base/java.util.ArrayList.forEach(ArrayList.java:1511)
... Removed 27 stack frames]]>
    </failure>
  </testcase> <!-- VerifyDoubleClickOperation -->
  <testcase classname="com.Testng.MouseOperation" name="validatePageLoad" time="0.0">
    <ignored/>
  </testcase> <!-- validatePageLoad -->
  <testcase classname="com.Testng.MouseOperation" name="validatingRighClickOperation" time="0.0">
    <ignored/>
  </testcase> <!-- validatingRighClickOperation -->
</testsuite> <!-- Default test(failed) -->
