<?xml version="1.0" encoding="UTF-8"?>
<!-- Generated by org.testng.reporters.JUnitXMLReporter -->
<testsuite ignored="3" hostname="Hp" failures="0" tests="3" name="TestParralEexMetods" time="0.037" errors="0" timestamp="2022-11-18T01:04:17 IST">
  <testcase classname="com.Testng.TestCaseparallelExecution" name="testMethod2" time="0.004"/>
  <testcase classname="com.Testng.TestCaseparallelExecution" name="testMethod3" time="0.005"/>
  <testcase classname="com.Testng.TestCaseparallelExecution" name="testMethod6" time="0.001"/>
  <testcase classname="com.Testng.TestCaseparallelExecution" name="testMethod1" time="0.0">
    <ignored/>
  </testcase> <!-- testMethod1 -->
  <testcase classname="com.Testng.TestCaseparallelExecution" name="testMethod4" time="0.0">
    <ignored/>
  </testcase> <!-- testMethod4 -->
  <testcase classname="com.Testng.TestCaseparallelExecution" name="testMethod5" time="0.0">
    <ignored/>
  </testcase> <!-- testMethod5 -->
</testsuite> <!-- TestParralEexMetods -->
