<?xml version="1.0" encoding="UTF-8"?>
<!-- Generated by org.testng.reporters.JUnitXMLReporter -->
<testsuite ignored="0" hostname="Hp" failures="0" tests="3" name="Test" time="0.04" errors="0" timestamp="2022-11-17T22:25:07 IST">
  <testcase classname="com.Testng.TestngParametersTest" name="browsername" time="0.005"/>
  <testcase classname="com.Testng.TestngParametersTest" name="userDetails" time="0.002"/>
  <testcase classname="com.Testng.TestngParametersTest" name="userEmail" time="0.001"/>
</testsuite> <!-- Test -->
