<?xml version="1.0" encoding="UTF-8"?>
<!-- Generated by org.testng.reporters.JUnitXMLReporter -->
<testsuite ignored="7" hostname="Hp" failures="0" tests="3" name="TestIncludeTag" time="0.042" errors="0" timestamp="2022-11-17T22:40:15 IST">
  <testcase classname="com.Testng.IncludeSpecificTC" name="TC3" time="0.006"/>
  <testcase classname="com.Testng.IncludeSpecificTC" name="TC1" time="0.0"/>
  <testcase classname="com.Testng.IncludeSpecificTC" name="TC5" time="0.003"/>
  <testcase classname="com.Testng.IncludeSpecificTC" name="TC2" time="0.0">
    <ignored/>
  </testcase> <!-- TC2 -->
  <testcase classname="com.Testng.IncludeSpecificTC" name="TC8" time="0.0">
    <ignored/>
  </testcase> <!-- TC8 -->
  <testcase classname="com.Testng.IncludeSpecificTC" name="TC9" time="0.0">
    <ignored/>
  </testcase> <!-- TC9 -->
  <testcase classname="com.Testng.IncludeSpecificTC" name="TC7" time="0.0">
    <ignored/>
  </testcase> <!-- TC7 -->
  <testcase classname="com.Testng.IncludeSpecificTC" name="TC10" time="0.0">
    <ignored/>
  </testcase> <!-- TC10 -->
  <testcase classname="com.Testng.IncludeSpecificTC" name="TC4" time="0.0">
    <ignored/>
  </testcase> <!-- TC4 -->
  <testcase classname="com.Testng.IncludeSpecificTC" name="TC6" time="0.0">
    <ignored/>
  </testcase> <!-- TC6 -->
</testsuite> <!-- TestIncludeTag -->
