<?xml version="1.0" encoding="UTF-8"?>
<!-- Generated by org.testng.reporters.JUnitXMLReporter -->
<testsuite ignored="2" hostname="Hp" failures="0" tests="2" name="Test" time="5.394" errors="0" timestamp="2022-11-08T01:38:31 IST">
  <testcase classname="com.Testng.MouseOperation" name="validatePageLoad" time="0.013"/>
  <testcase classname="com.Testng.MouseOperation" name="validatingRighClickOperation" time="5.352"/>
  <testcase classname="com.Testng.MouseOperation" name="VerifyDoubleClickOperation" time="0.0">
    <ignored/>
  </testcase> <!-- VerifyDoubleClickOperation -->
  <testcase classname="com.Testng.MouseOperation" name="VerifyDragAndDrop" time="0.0">
    <ignored/>
  </testcase> <!-- VerifyDragAndDrop -->
</testsuite> <!-- Test -->
