<?xml version="1.0" encoding="UTF-8"?>
<testng-results ignored="2" total="4" passed="2" failed="0" skipped="0">
  <reporter-output>
  </reporter-output>
  <suite started-at="2022-11-08T01:38:25 IST" name="Suite" finished-at="2022-11-08T01:38:31 IST" duration-ms="5394">
    <groups>
    </groups>
    <test started-at="2022-11-08T01:38:25 IST" name="Test" finished-at="2022-11-08T01:38:31 IST" duration-ms="5394">
      <class name="com.Testng.MouseOperation">
        <test-method is-config="true" signature="beforeSuite()[pri:0, instance:com.Testng.MouseOperation@156b88f5]" started-at="2022-11-08T01:38:09 IST" name="beforeSuite" finished-at="2022-11-08T01:38:25 IST" duration-ms="16689" status="PASS">
          <reporter-output>
          </reporter-output>
        </test-method> <!-- beforeSuite -->
        <test-method is-config="true" signature="beforeTest()[pri:0, instance:com.Testng.MouseOperation@156b88f5]" started-at="2022-11-08T01:38:25 IST" name="beforeTest" finished-at="2022-11-08T01:38:25 IST" duration-ms="0" status="PASS">
          <reporter-output>
          </reporter-output>
        </test-method> <!-- beforeTest -->
        <test-method is-config="true" signature="beforeClass()[pri:0, instance:com.Testng.MouseOperation@156b88f5]" started-at="2022-11-08T01:38:25 IST" name="beforeClass" finished-at="2022-11-08T01:38:25 IST" duration-ms="0" status="PASS">
          <reporter-output>
          </reporter-output>
        </test-method> <!-- beforeClass -->
        <test-method is-config="true" signature="beforeMethod()[pri:0, instance:com.Testng.MouseOperation@156b88f5]" started-at="2022-11-08T01:38:25 IST" name="beforeMethod" finished-at="2022-11-08T01:38:25 IST" duration-ms="0" status="PASS">
          <reporter-output>
          </reporter-output>
        </test-method> <!-- beforeMethod -->
        <test-method signature="validatePageLoad()[pri:1, instance:com.Testng.MouseOperation@156b88f5]" started-at="2022-11-08T01:38:25 IST" name="validatePageLoad" finished-at="2022-11-08T01:38:25 IST" duration-ms="13" status="PASS">
          <reporter-output>
          </reporter-output>
        </test-method> <!-- validatePageLoad -->
        <test-method is-config="true" signature="afterMethod()[pri:0, instance:com.Testng.MouseOperation@156b88f5]" started-at="2022-11-08T01:38:25 IST" name="afterMethod" finished-at="2022-11-08T01:38:25 IST" duration-ms="0" status="PASS">
          <reporter-output>
          </reporter-output>
        </test-method> <!-- afterMethod -->
        <test-method is-config="true" signature="beforeMethod()[pri:0, instance:com.Testng.MouseOperation@156b88f5]" started-at="2022-11-08T01:38:25 IST" name="beforeMethod" finished-at="2022-11-08T01:38:25 IST" duration-ms="0" status="PASS">
          <reporter-output>
          </reporter-output>
        </test-method> <!-- beforeMethod -->
        <test-method signature="validatingRighClickOperation()[pri:2, instance:com.Testng.MouseOperation@156b88f5]" started-at="2022-11-08T01:38:25 IST" name="validatingRighClickOperation" finished-at="2022-11-08T01:38:31 IST" duration-ms="5352" status="PASS">
          <reporter-output>
          </reporter-output>
        </test-method> <!-- validatingRighClickOperation -->
        <test-method is-config="true" signature="afterMethod()[pri:0, instance:com.Testng.MouseOperation@156b88f5]" started-at="2022-11-08T01:38:31 IST" name="afterMethod" finished-at="2022-11-08T01:38:31 IST" duration-ms="0" status="PASS">
          <reporter-output>
          </reporter-output>
        </test-method> <!-- afterMethod -->
        <test-method is-config="true" signature="afterTest()[pri:0, instance:com.Testng.MouseOperation@156b88f5]" started-at="2022-11-08T01:38:31 IST" name="afterTest" finished-at="2022-11-08T01:38:31 IST" duration-ms="0" status="PASS">
          <reporter-output>
          </reporter-output>
        </test-method> <!-- afterTest -->
        <test-method is-config="true" signature="afterClass()[pri:0, instance:com.Testng.MouseOperation@156b88f5]" started-at="2022-11-08T01:38:31 IST" name="afterClass" finished-at="2022-11-08T01:38:31 IST" duration-ms="0" status="PASS">
          <reporter-output>
          </reporter-output>
        </test-method> <!-- afterClass -->
        <test-method is-config="true" signature="afterSuite()[pri:0, instance:com.Testng.MouseOperation@156b88f5]" started-at="2022-11-08T01:38:31 IST" name="afterSuite" finished-at="2022-11-08T01:38:31 IST" duration-ms="0" status="PASS">
          <reporter-output>
          </reporter-output>
        </test-method> <!-- afterSuite -->
      </class> <!-- com.Testng.MouseOperation -->
    </test> <!-- Test -->
  </suite> <!-- Suite -->
</testng-results>
