<?xml version="1.0" encoding="UTF-8"?>
<testng-results ignored="0" total="6" passed="6" failed="0" skipped="0">
  <reporter-output>
  </reporter-output>
  <suite started-at="2022-11-17T23:34:56 IST" name="Default suite" finished-at="2022-11-17T23:34:56 IST" duration-ms="47">
    <groups>
    </groups>
    <test started-at="2022-11-17T23:34:56 IST" name="Default test" finished-at="2022-11-17T23:34:56 IST" duration-ms="47">
      <class name="com.Testng.DataPovider">
        <test-method signature="f(java.lang.Integer,java.lang.String)[pri:0, instance:com.Testng.DataPovider@66498326]" started-at="2022-11-17T23:34:56 IST" name="f" data-provider="test" finished-at="2022-11-17T23:34:56 IST" duration-ms="4" status="PASS">
          <params>
            <param index="0">
              <value>
                <![CDATA[1]]>
              </value>
            </param>
            <param index="1">
              <value>
                <![CDATA[a]]>
              </value>
            </param>
          </params>
          <reporter-output>
          </reporter-output>
        </test-method> <!-- f -->
        <test-method signature="f(java.lang.Integer,java.lang.String)[pri:0, instance:com.Testng.DataPovider@66498326]" started-at="2022-11-17T23:34:56 IST" name="f" data-provider="test" finished-at="2022-11-17T23:34:56 IST" duration-ms="1" status="PASS">
          <params>
            <param index="0">
              <value>
                <![CDATA[2]]>
              </value>
            </param>
            <param index="1">
              <value>
                <![CDATA[b]]>
              </value>
            </param>
          </params>
          <reporter-output>
          </reporter-output>
        </test-method> <!-- f -->
        <test-method signature="test(java.lang.String)[pri:0, instance:com.Testng.DataPovider@66498326]" started-at="2022-11-17T23:34:56 IST" name="test" data-provider="strings" finished-at="2022-11-17T23:34:56 IST" duration-ms="2" status="PASS">
          <params>
            <param index="0">
              <value>
                <![CDATA[hello]]>
              </value>
            </param>
          </params>
          <reporter-output>
          </reporter-output>
        </test-method> <!-- test -->
        <test-method signature="test(java.lang.String)[pri:0, instance:com.Testng.DataPovider@66498326]" started-at="2022-11-17T23:34:56 IST" name="test" data-provider="strings" finished-at="2022-11-17T23:34:56 IST" duration-ms="1" status="PASS">
          <params>
            <param index="0">
              <value>
                <![CDATA[string]]>
              </value>
            </param>
          </params>
          <reporter-output>
          </reporter-output>
        </test-method> <!-- test -->
        <test-method signature="test(java.lang.String)[pri:0, instance:com.Testng.DataPovider@66498326]" started-at="2022-11-17T23:34:56 IST" name="test" data-provider="strings" finished-at="2022-11-17T23:34:56 IST" duration-ms="1" status="PASS">
          <params>
            <param index="0">
              <value>
                <![CDATA[in]]>
              </value>
            </param>
          </params>
          <reporter-output>
          </reporter-output>
        </test-method> <!-- test -->
        <test-method signature="test(java.lang.String)[pri:0, instance:com.Testng.DataPovider@66498326]" started-at="2022-11-17T23:34:56 IST" name="test" data-provider="strings" finished-at="2022-11-17T23:34:56 IST" duration-ms="1" status="PASS">
          <params>
            <param index="0">
              <value>
                <![CDATA[eclipse]]>
              </value>
            </param>
          </params>
          <reporter-output>
          </reporter-output>
        </test-method> <!-- test -->
      </class> <!-- com.Testng.DataPovider -->
    </test> <!-- Default test -->
  </suite> <!-- Default suite -->
</testng-results>
