<?xml version="1.0" encoding="UTF-8"?>
<!-- Generated by org.testng.reporters.JUnitXMLReporter -->
<testsuite ignored="0" hostname="Hp" failures="0" tests="6" name="Default test" time="0.047" errors="0" timestamp="2022-11-17T23:34:56 IST">
  <testcase classname="com.Testng.DataPovider" name="f" time="0.004"/>
  <testcase classname="com.Testng.DataPovider" name="f" time="0.001"/>
  <testcase classname="com.Testng.DataPovider" name="test" time="0.002"/>
  <testcase classname="com.Testng.DataPovider" name="test" time="0.001"/>
  <testcase classname="com.Testng.DataPovider" name="test" time="0.001"/>
  <testcase classname="com.Testng.DataPovider" name="test" time="0.001"/>
</testsuite> <!-- Default test -->
