<?xml version="1.0" encoding="UTF-8"?>
<!-- Generated by org.testng.reporters.JUnitXMLReporter -->
<testsuite ignored="0" hostname="Hp" failures="0" tests="20" name="Default test" time="0.083" errors="0" timestamp="2022-11-18T00:20:53 IST">
  <testcase classname="com.Testng.TestngThreadOperation" name="Tc1" time="0.007"/>
  <testcase classname="com.Testng.TestngThreadOperation" name="Tc1" time="0.001"/>
  <testcase classname="com.Testng.TestngThreadOperation" name="Tc1" time="0.001"/>
  <testcase classname="com.Testng.TestngThreadOperation" name="Tc1" time="0.0"/>
  <testcase classname="com.Testng.TestngThreadOperation" name="Tc1" time="0.001"/>
  <testcase classname="com.Testng.TestngThreadOperation" name="Tc2" time="0.002"/>
  <testcase classname="com.Testng.TestngThreadOperation" name="Tc2" time="0.002"/>
  <testcase classname="com.Testng.TestngThreadOperation" name="Tc2" time="0.001"/>
  <testcase classname="com.Testng.TestngThreadOperation" name="Tc2" time="0.001"/>
  <testcase classname="com.Testng.TestngThreadOperation" name="Tc2" time="0.001"/>
  <testcase classname="com.Testng.TestngThreadOperation" name="Tc3" time="0.002"/>
  <testcase classname="com.Testng.TestngThreadOperation" name="Tc3" time="0.002"/>
  <testcase classname="com.Testng.TestngThreadOperation" name="Tc3" time="0.001"/>
  <testcase classname="com.Testng.TestngThreadOperation" name="Tc3" time="0.002"/>
  <testcase classname="com.Testng.TestngThreadOperation" name="Tc3" time="0.003"/>
  <testcase classname="com.Testng.TestngThreadOperation" name="Tc4" time="0.002"/>
  <testcase classname="com.Testng.TestngThreadOperation" name="Tc4" time="0.003"/>
  <testcase classname="com.Testng.TestngThreadOperation" name="Tc4" time="0.001"/>
  <testcase classname="com.Testng.TestngThreadOperation" name="Tc4" time="0.001"/>
  <testcase classname="com.Testng.TestngThreadOperation" name="Tc4" time="0.0"/>
</testsuite> <!-- Default test -->
